"/data1/DATA/LCB/EXT/origin/2016/XF/TOA5_XF31616.dat"
"/data1/DATA/LCB/EXT/origin/2016/XF/TOA5_XF31816.dat"
"/data1/DATA/LCB/EXT/origin/2016/XF/TOA5_XF35616.dat"
"/data1/DATA/LCB/EXT/origin/2017/08617/TOA5_XF_08617.dat"
"/data1/DATA/LCB/EXT/origin/2017/10817/EF/TOA5_XF_10817.dat"
"/data1/DATA/LCB/EXT/origin/2017/13717/EC/TOA5_XF_13717.dat"
"/data1/DATA/LCB/EXT/origin/2017/15117/EC/TOA5_XF_15117.dat"
"/data1/DATA/LCB/EXT/origin/2017/20117/EC150/TOA5_XF_20117.dat"
"/data1/DATA/LCB/EXT/origin/2017/24117/Netlite/TOA5_XF_24117.dat"
"/data1/DATA/LCB/EXT/origin/2017/26017/netlite/TOA5_XF_26017.dat"
"/data1/DATA/LCB/EXT/origin/2017/XF/TOA5_XF_02417.dat"
"/data1/DATA/LCB/EXT/origin/2018/34018/EC/TOA5_XF_34018_10.dat"
"/data1/DATA/LCB/EXT/origin/2017/30017/EF/TOA5_EF_30017_10.dat"
"/data1/DATA/LCB/EXT/origin/2018/03118/EF/TOA5_EF_03118_10.dat"
"/data1/DATA/LCB/EXT/origin/2018/05818/EF/TOA5_EF_05818_10.dat"
"/data1/DATA/LCB/EXT/origin/2018/08618/EF/TOA5_EF_08618_10.dat"
"/data1/DATA/LCB/EXT/origin/2018/14918/EF/TOA5_EF_14918_10.dat"
"/data1/DATA/LCB/EXT/origin/2018/20018/EF/TOA5_EF_20018.dat"
"/data1/DATA/LCB/EXT/origin/2018/23018/EF/TOA5_EF_23018.dat"
"/data1/DATA/LCB/EXT/origin/2018/26818/EF/TOA5_EF_26818.dat"
"/data1/DATA/LCB/EXT/origin/2019/19090/ER/TOA5_EF19090_10.dat"
"/data1/DATA/LCB/EXT/origin/2019/19115/EF/TOA5_EF19115_10.dat"
